<?xml version="1.0" encoding="UTF-8"?>
<!-- Generated by org.testng.reporters.JUnitReportReporter -->
<testsuite hostname="STECH-Mallik" failures="0" tests="1" name="mygitexample.LoginSalesforce" time="16.799" errors="0" timestamp="2021-06-09T12:08:33 IST" skipped="0">
  <testcase classname="mygitexample.LoginSalesforce" name="launchBrowser" time="16.799"/>
  <system-out/>
</testsuite> <!-- mygitexample.LoginSalesforce -->
